This is pdfTeX, Version 3.141592653-2.6-1.40.24 (TeX Live 2022/Debian) (preloaded format=pdflatex 2023.2.20)  27 FEB 2023 19:17
entering extended mode
 restricted \write18 enabled.
 file:line:error style messages enabled.
 %&-line parsing enabled.
**SongBook.tex
(./SongBook.tex
LaTeX2e <2022-11-01> patch level 1
L3 programming layer <2023-01-16> (/usr/share/texlive/texmf-dist/tex/latex/base/article.cls
Document Class: article 2022/07/02 v1.4n Standard LaTeX document class
(/usr/share/texlive/texmf-dist/tex/latex/base/size10.clo
File: size10.clo 2022/07/02 v1.4n Standard LaTeX file (size option)
)
\c@part=\count185
\c@section=\count186
\c@subsection=\count187
\c@subsubsection=\count188
\c@paragraph=\count189
\c@subparagraph=\count190
\c@figure=\count191
\c@table=\count192
\abovecaptionskip=\skip48
\belowcaptionskip=\skip49
\bibindent=\dimen140
) (/usr/share/texlive/texmf-dist/tex/latex/geometry/geometry.sty
Package: geometry 2020/01/02 v5.9 Page Geometry
 (/usr/share/texlive/texmf-dist/tex/latex/graphics/keyval.sty
Package: keyval 2022/05/29 v1.15 key=value parser (DPC)
\KV@toks@=\toks16
) (/usr/share/texlive/texmf-dist/tex/generic/iftex/ifvtex.sty
Package: ifvtex 2019/10/25 v1.7 ifvtex legacy package. Use iftex instead.
 (/usr/share/texlive/texmf-dist/tex/generic/iftex/iftex.sty
Package: iftex 2022/02/03 v1.0f TeX engine tests
))
\Gm@cnth=\count193
\Gm@cntv=\count194
\c@Gm@tempcnt=\count195
\Gm@bindingoffset=\dimen141
\Gm@wd@mp=\dimen142
\Gm@odd@mp=\dimen143
\Gm@even@mp=\dimen144
\Gm@layoutwidth=\dimen145
\Gm@layoutheight=\dimen146
\Gm@layouthoffset=\dimen147
\Gm@layoutvoffset=\dimen148
\Gm@dimlist=\toks17
) (/home/edgaryother/texmf/tex/latex/abc/abc.sty
Package: abc 2016/05/15 v2.0b Enrico Gregorio
 (/usr/share/texlive/texmf-dist/tex/generic/iftex/ifluatex.sty
Package: ifluatex 2019/10/25 v1.5 ifluatex legacy package. Use iftex instead.
) (/usr/share/texlive/texmf-dist/tex/latex/tools/verbatim.sty
Package: verbatim 2022-07-02 v1.5u LaTeX2e package for verbatim enhancements
\every@verbatim=\toks18
\verbatim@line=\toks19
\verbatim@in@stream=\read2
) (/usr/share/texlive/texmf-dist/tex/latex/graphics/graphicx.sty
Package: graphicx 2021/09/16 v1.2d Enhanced LaTeX Graphics (DPC,SPQR)
 (/usr/share/texlive/texmf-dist/tex/latex/graphics/graphics.sty
Package: graphics 2022/03/10 v1.4e Standard LaTeX Graphics (DPC,SPQR)
 (/usr/share/texlive/texmf-dist/tex/latex/graphics/trig.sty
Package: trig 2021/08/11 v1.11 sin cos tan (DPC)
) (/usr/share/texlive/texmf-dist/tex/latex/graphics-cfg/graphics.cfg
File: graphics.cfg 2016/06/04 v1.11 sample graphics configuration
)
Package graphics Info: Driver file: pdftex.def on input line 107.
 (/usr/share/texlive/texmf-dist/tex/latex/graphics-def/pdftex.def
File: pdftex.def 2022/09/22 v1.2b Graphics/color driver for pdftex
))
\Gin@req@height=\dimen149
\Gin@req@width=\dimen150
) (/usr/share/texlive/texmf-dist/tex/generic/iftex/ifpdf.sty
Package: ifpdf 2019/10/25 v3.4 ifpdf legacy package. Use iftex instead.
)
\c@abc@count=\count196
\abc@out=\write3
) (/usr/share/texlive/texmf-dist/tex/latex/l3backend/l3backend-pdftex.def
File: l3backend-pdftex.def 2023-01-16 L3 backend support: PDF output (pdfTeX)
\l__color_backend_stack_int=\count197
\l__pdf_internal_box=\box51
)

LaTeX Warning: Unused global option(s):
    [9pt].

(./SongBook.aux)
\openout1 = `SongBook.aux'.

LaTeX Font Info:    Checking defaults for OML/cmm/m/it on input line 9.
LaTeX Font Info:    ... okay on input line 9.
LaTeX Font Info:    Checking defaults for OMS/cmsy/m/n on input line 9.
LaTeX Font Info:    ... okay on input line 9.
LaTeX Font Info:    Checking defaults for OT1/cmr/m/n on input line 9.
LaTeX Font Info:    ... okay on input line 9.
LaTeX Font Info:    Checking defaults for T1/cmr/m/n on input line 9.
LaTeX Font Info:    ... okay on input line 9.
LaTeX Font Info:    Checking defaults for TS1/cmr/m/n on input line 9.
LaTeX Font Info:    ... okay on input line 9.
LaTeX Font Info:    Checking defaults for OMX/cmex/m/n on input line 9.
LaTeX Font Info:    ... okay on input line 9.
LaTeX Font Info:    Checking defaults for U/cmr/m/n on input line 9.
LaTeX Font Info:    ... okay on input line 9.

*geometry* driver: auto-detecting
*geometry* detected driver: pdftex
*geometry* verbose mode - [ preamble ] result:
* driver: pdftex
* paper: letterpaper
* layout: <same size as paper>
* layoutoffset:(h,v)=(0.0pt,0.0pt)
* modes: 
* h-part:(L,W,R)=(50.58878pt, 513.11745pt, 50.58878pt)
* v-part:(T,H,B)=(50.58878pt, 693.79243pt, 50.58878pt)
* \paperwidth=614.295pt
* \paperheight=794.96999pt
* \textwidth=513.11745pt
* \textheight=693.79243pt
* \oddsidemargin=-21.68121pt
* \evensidemargin=-21.68121pt
* \topmargin=-58.68121pt
* \headheight=12.0pt
* \headsep=25.0pt
* \topskip=10.0pt
* \footskip=30.0pt
* \marginparwidth=65.0pt
* \marginparsep=11.0pt
* \columnsep=10.0pt
* \skip\footins=9.0pt plus 4.0pt minus 2.0pt
* \hoffset=0.0pt
* \voffset=0.0pt
* \mag=1000
* \@twocolumnfalse
* \@twosidefalse
* \@mparswitchfalse
* \@reversemarginfalse
* (1in=72.27pt=25.4mm, 1cm=28.453pt)

(/usr/share/texlive/texmf-dist/tex/context/base/mkii/supp-pdf.mkii
[Loading MPS to PDF converter (version 2006.09.02).]
\scratchcounter=\count198
\scratchdimen=\dimen151
\scratchbox=\box52
\nofMPsegments=\count199
\nofMParguments=\count266
\everyMPshowfont=\toks20
\MPscratchCnt=\count267
\MPscratchDim=\dimen152
\MPnumerator=\count268
\makeMPintoPDFobject=\count269
\everyMPtoPDFconversion=\toks21
) (/usr/share/texlive/texmf-dist/tex/latex/epstopdf-pkg/epstopdf-base.sty
Package: epstopdf-base 2020-01-24 v2.11 Base part for package epstopdf
Package epstopdf-base Info: Redefining graphics rule for `.eps' on input line 485.
 (/usr/share/texlive/texmf-dist/tex/latex/latexconfig/epstopdf-sys.cfg
File: epstopdf-sys.cfg 2010/07/13 v1.3 Configuration of (r)epstopdf for TeX Live
))
LaTeX Font Info:    External font `cmex10' loaded for size
(Font)              <12> on input line 10.
LaTeX Font Info:    External font `cmex10' loaded for size
(Font)              <8> on input line 10.
LaTeX Font Info:    External font `cmex10' loaded for size
(Font)              <6> on input line 10.
 (./SongBook.toc [1

{/var/lib/texmf/fonts/map/pdftex/updmap/pdftex.map}])
\tf@toc=\write4
\openout4 = `SongBook.toc'.

 [2]
\openout3 = `Aikendrum.abc'.

runsystem(abcm2ps -O= -c  Aikendrum.abc )...disabled (restricted).

runsystem(ps2eps -f Aikendrum.ps )...disabled (restricted).

runsystem(epstopdf Aikendrum.eps)...disabled (restricted).


Underfull \hbox (badness 10000) in paragraph at lines 19--28

 []

<Aikendrum.pdf, id=13, 513.92pt x 143.53625pt>
File: Aikendrum.pdf Graphic file (type pdf)
<use Aikendrum.pdf>
Package pdftex.def Info: Aikendrum.pdf  used on input line 28.
(pdftex.def)             Requested size: 513.11745pt x 143.32344pt.

Underfull \hbox (badness 10000) in paragraph at lines 30--35

 []


Underfull \hbox (badness 10000) in paragraph at lines 36--41

 []


Underfull \hbox (badness 10000) in paragraph at lines 42--47

 []


Underfull \hbox (badness 10000) in paragraph at lines 48--53

 []


Underfull \hbox (badness 10000) in paragraph at lines 54--59

 []

[3 <./Aikendrum.pdf>]
Underfull \hbox (badness 10000) in paragraph at lines 63--64

 []


Underfull \hbox (badness 10000) in paragraph at lines 66--72

 []


Underfull \hbox (badness 10000) in paragraph at lines 73--77

 []


Underfull \hbox (badness 10000) in paragraph at lines 78--82

 []


Underfull \hbox (badness 10000) in paragraph at lines 83--87

 []

[4]
Underfull \hbox (badness 10000) in paragraph at lines 91--92

 []


Underfull \hbox (badness 10000) in paragraph at lines 94--103

 []


Underfull \hbox (badness 10000) in paragraph at lines 104--107

 []


Underfull \hbox (badness 10000) in paragraph at lines 108--111

 []


Underfull \hbox (badness 10000) in paragraph at lines 112--115

 []


Underfull \hbox (badness 10000) in paragraph at lines 116--119

 []


Underfull \hbox (badness 10000) in paragraph at lines 120--123

 []


Underfull \hbox (badness 10000) in paragraph at lines 124--127

 []


Underfull \hbox (badness 10000) in paragraph at lines 128--131

 []


Underfull \hbox (badness 10000) in paragraph at lines 132--135

 []

[5]
\openout3 = `TheBlacksmith.abc'.

runsystem(abcm2ps -O= -c  TheBlacksmith.abc )...disabled (restricted).

runsystem(ps2eps -f TheBlacksmith.ps )...disabled (restricted).

runsystem(epstopdf TheBlacksmith.eps)...disabled (restricted).


Underfull \hbox (badness 10000) in paragraph at lines 139--148

 []

<TheBlacksmith.pdf, id=27, 513.92pt x 138.5175pt>
File: TheBlacksmith.pdf Graphic file (type pdf)
<use TheBlacksmith.pdf>
Package pdftex.def Info: TheBlacksmith.pdf  used on input line 148.
(pdftex.def)             Requested size: 513.11745pt x 138.31212pt.

Underfull \hbox (badness 10000) in paragraph at lines 150--154

 []


Underfull \hbox (badness 10000) in paragraph at lines 155--159

 []


Underfull \hbox (badness 10000) in paragraph at lines 160--164

 []


Underfull \hbox (badness 10000) in paragraph at lines 165--169

 []


Underfull \hbox (badness 10000) in paragraph at lines 170--174

 []

[6 <./TheBlacksmith.pdf>]
\openout3 = `BoldMcShane.abc'.

runsystem(abcm2ps -O= -c  BoldMcShane.abc )...disabled (restricted).

runsystem(ps2eps -f BoldMcShane.ps )...disabled (restricted).

runsystem(epstopdf BoldMcShane.eps)...disabled (restricted).


Underfull \hbox (badness 10000) in paragraph at lines 178--189

 []

<BoldMcShane.pdf, id=35, 513.92pt x 243.91125pt>
File: BoldMcShane.pdf Graphic file (type pdf)
<use BoldMcShane.pdf>
Package pdftex.def Info: BoldMcShane.pdf  used on input line 189.
(pdftex.def)             Requested size: 513.11745pt x 243.54962pt.

Underfull \hbox (badness 10000) in paragraph at lines 191--195

 []


Underfull \hbox (badness 10000) in paragraph at lines 197--198

 []


Underfull \hbox (badness 10000) in paragraph at lines 199--203

 []


Underfull \hbox (badness 10000) in paragraph at lines 204--208

 []

[7 <./BoldMcShane.pdf>]
Underfull \hbox (badness 10000) in paragraph at lines 209--213

 []


Underfull \hbox (badness 10000) in paragraph at lines 214--218

 []


Underfull \hbox (badness 10000) in paragraph at lines 219--223

 []


Underfull \hbox (badness 10000) in paragraph at lines 224--228

 []


Underfull \hbox (badness 10000) in paragraph at lines 229--233

 []

[8]
\openout3 = `DirtyOldTown.abc'.

runsystem(abcm2ps -O= -c  DirtyOldTown.abc )...disabled (restricted).

runsystem(ps2eps -f DirtyOldTown.ps )...disabled (restricted).

runsystem(epstopdf DirtyOldTown.eps)...disabled (restricted).

<DirtyOldTown.pdf, id=47, 513.92pt x 164.615pt>
File: DirtyOldTown.pdf Graphic file (type pdf)
<use DirtyOldTown.pdf>
Package pdftex.def Info: DirtyOldTown.pdf  used on input line 246.
(pdftex.def)             Requested size: 513.11745pt x 164.37094pt.

Underfull \hbox (badness 10000) in paragraph at lines 248--253

 []


Underfull \hbox (badness 10000) in paragraph at lines 254--257

 []


Underfull \hbox (badness 10000) in paragraph at lines 258--261

 []


Underfull \hbox (badness 10000) in paragraph at lines 262--265

 []


Underfull \hbox (badness 10000) in paragraph at lines 266--269

 []

[9 <./DirtyOldTown.pdf>]
Underfull \hbox (badness 10000) in paragraph at lines 273--274

 []


Underfull \hbox (badness 10000) in paragraph at lines 276--280

 []


Underfull \hbox (badness 10000) in paragraph at lines 284--285

 []


Underfull \hbox (badness 10000) in paragraph at lines 286--290

 []


Underfull \hbox (badness 10000) in paragraph at lines 291--295

 []


Underfull \hbox (badness 10000) in paragraph at lines 296--300

 []

[10]
\openout3 = `FelixTheSoldier.abc'.

runsystem(abcm2ps -O= -c  FelixTheSoldier.abc )...disabled (restricted).

runsystem(ps2eps -f FelixTheSoldier.ps )...disabled (restricted).

runsystem(epstopdf FelixTheSoldier.eps)...disabled (restricted).


Underfull \hbox (badness 10000) in paragraph at lines 304--315

 []

<FelixTheSoldier.pdf, id=61, 513.92pt x 200.75pt>
File: FelixTheSoldier.pdf Graphic file (type pdf)
<use FelixTheSoldier.pdf>
Package pdftex.def Info: FelixTheSoldier.pdf  used on input line 315.
(pdftex.def)             Requested size: 513.11745pt x 200.45236pt.

Underfull \hbox (badness 10000) in paragraph at lines 317--321

 []


Underfull \hbox (badness 10000) in paragraph at lines 322--328

 []


Underfull \hbox (badness 10000) in paragraph at lines 329--333

 []

[11 <./FelixTheSoldier.pdf>]
\openout3 = `GoToSeaOnceMore.abc'.

runsystem(abcm2ps -O= -c  GoToSeaOnceMore.abc )...disabled (restricted).

runsystem(ps2eps -f GoToSeaOnceMore.ps )...disabled (restricted).

runsystem(epstopdf GoToSeaOnceMore.eps)...disabled (restricted).

<GoToSeaOnceMore.pdf, id=72, 513.92pt x 362.35374pt>
File: GoToSeaOnceMore.pdf Graphic file (type pdf)
<use GoToSeaOnceMore.pdf>
Package pdftex.def Info: GoToSeaOnceMore.pdf  used on input line 350.
(pdftex.def)             Requested size: 513.11745pt x 361.81653pt.

Underfull \hbox (badness 10000) in paragraph at lines 352--356

 []


Underfull \hbox (badness 10000) in paragraph at lines 358--359

 []


Underfull \hbox (badness 10000) in paragraph at lines 360--364

 []


Underfull \hbox (badness 10000) in paragraph at lines 366--367

 []

[12 <./GoToSeaOnceMore.pdf>]
Underfull \hbox (badness 10000) in paragraph at lines 368--372

 []


Underfull \hbox (badness 10000) in paragraph at lines 374--375

 []


Underfull \hbox (badness 10000) in paragraph at lines 376--380

 []


Underfull \hbox (badness 10000) in paragraph at lines 382--383

 []


Underfull \hbox (badness 10000) in paragraph at lines 384--388

 []


Underfull \hbox (badness 10000) in paragraph at lines 390--391

 []


Underfull \hbox (badness 10000) in paragraph at lines 392--396

 []


Underfull \hbox (badness 10000) in paragraph at lines 398--399

 []

[13]
Underfull \hbox (badness 10000) in paragraph at lines 404--405

 []


Underfull \hbox (badness 10000) in paragraph at lines 407--409

 []


Underfull \hbox (badness 10000) in paragraph at lines 410--412

 []


Underfull \hbox (badness 10000) in paragraph at lines 413--415

 []


Underfull \hbox (badness 10000) in paragraph at lines 416--418

 []


Underfull \hbox (badness 10000) in paragraph at lines 419--421

 []


Underfull \hbox (badness 10000) in paragraph at lines 422--424

 []


Underfull \hbox (badness 10000) in paragraph at lines 425--427

 []

[14]
Underfull \hbox (badness 10000) in paragraph at lines 431--432

 []


Underfull \hbox (badness 10000) in paragraph at lines 434--440

 []


Underfull \hbox (badness 10000) in paragraph at lines 441--443

 []


Underfull \hbox (badness 10000) in paragraph at lines 444--446

 []


Underfull \hbox (badness 10000) in paragraph at lines 447--449

 []


Underfull \hbox (badness 10000) in paragraph at lines 450--452

 []


Underfull \hbox (badness 10000) in paragraph at lines 453--455

 []

[15]
Underfull \hbox (badness 10000) in paragraph at lines 459--460

 []


Underfull \hbox (badness 10000) in paragraph at lines 462--470

 []


Underfull \hbox (badness 10000) in paragraph at lines 471--479

 []


Underfull \hbox (badness 10000) in paragraph at lines 480--488

 []


Underfull \hbox (badness 10000) in paragraph at lines 489--497

 []

[16]
Underfull \hbox (badness 10000) in paragraph at lines 500--501

 []


Underfull \hbox (badness 10000) in paragraph at lines 503--507

 []


Underfull \hbox (badness 10000) in paragraph at lines 508--510

 []


Underfull \hbox (badness 10000) in paragraph at lines 511--513

 []


Underfull \hbox (badness 10000) in paragraph at lines 514--516

 []


Underfull \hbox (badness 10000) in paragraph at lines 517--519

 []


Underfull \hbox (badness 10000) in paragraph at lines 520--522

 []


Underfull \hbox (badness 10000) in paragraph at lines 523--525

 []

[17]
Underfull \hbox (badness 10000) in paragraph at lines 529--530

 []


Underfull \hbox (badness 10000) in paragraph at lines 532--534

 []


Underfull \hbox (badness 10000) in paragraph at lines 538--539

 []


Underfull \hbox (badness 10000) in paragraph at lines 540--542

 []


Underfull \hbox (badness 10000) in paragraph at lines 546--547

 []


Underfull \hbox (badness 10000) in paragraph at lines 548--550

 []


Underfull \hbox (badness 10000) in paragraph at lines 554--555

 []


Underfull \hbox (badness 10000) in paragraph at lines 556--558

 []


Underfull \hbox (badness 10000) in paragraph at lines 562--563

 []

[18]
Underfull \hbox (badness 10000) in paragraph at lines 567--568

 []


Underfull \hbox (badness 10000) in paragraph at lines 570--574

 []


Underfull \hbox (badness 10000) in paragraph at lines 575--579

 []


Underfull \hbox (badness 10000) in paragraph at lines 580--584

 []


Underfull \hbox (badness 10000) in paragraph at lines 585--589

 []


Underfull \hbox (badness 10000) in paragraph at lines 590--594

 []


Underfull \hbox (badness 10000) in paragraph at lines 595--599

 []


Underfull \hbox (badness 10000) in paragraph at lines 600--604

 []

[19]
Underfull \hbox (badness 10000) in paragraph at lines 608--609

 []


Underfull \hbox (badness 10000) in paragraph at lines 611--615

 []


Underfull \hbox (badness 10000) in paragraph at lines 618--619

 []


Underfull \hbox (badness 10000) in paragraph at lines 621--625

 []


Underfull \hbox (badness 10000) in paragraph at lines 626--630

 []


Underfull \hbox (badness 10000) in paragraph at lines 631--635

 []

[20]
Underfull \hbox (badness 10000) in paragraph at lines 639--640

 []


Underfull \hbox (badness 10000) in paragraph at lines 642--644

 []


Underfull \hbox (badness 10000) in paragraph at lines 646--647

 []


Underfull \hbox (badness 10000) in paragraph at lines 648--650

 []


Underfull \hbox (badness 10000) in paragraph at lines 651--653

 []


Underfull \hbox (badness 10000) in paragraph at lines 654--656

 []


Underfull \hbox (badness 10000) in paragraph at lines 657--659

 []


Underfull \hbox (badness 10000) in paragraph at lines 660--662

 []


Underfull \hbox (badness 10000) in paragraph at lines 663--665

 []

[21]
Underfull \hbox (badness 10000) in paragraph at lines 669--670

 []


Underfull \hbox (badness 10000) in paragraph at lines 672--676

 []


Underfull \hbox (badness 10000) in paragraph at lines 680--681

 []


Underfull \hbox (badness 10000) in paragraph at lines 682--686

 []


Underfull \hbox (badness 10000) in paragraph at lines 687--691

 []


Underfull \hbox (badness 10000) in paragraph at lines 692--696

 []


Underfull \hbox (badness 10000) in paragraph at lines 697--701

 []

[22]
\openout3 = `ManYouDontMeetEveryday.abc'.

runsystem(abcm2ps -O= -c  ManYouDontMeetEveryday.abc )...disabled (restricted).

runsystem(ps2eps -f ManYouDontMeetEveryday.ps )...disabled (restricted).

runsystem(epstopdf ManYouDontMeetEveryday.eps)...disabled (restricted).


Underfull \hbox (badness 10000) in paragraph at lines 705--724

 []

<ManYouDontMeetEveryday.pdf, id=115, 513.92pt x 370.38374pt>
File: ManYouDontMeetEveryday.pdf Graphic file (type pdf)
<use ManYouDontMeetEveryday.pdf>
Package pdftex.def Info: ManYouDontMeetEveryday.pdf  used on input line 724.
(pdftex.def)             Requested size: 513.11745pt x 369.83461pt.

Underfull \hbox (badness 10000) in paragraph at lines 726--730

 []


Underfull \hbox (badness 10000) in paragraph at lines 731--735

 []


Underfull \hbox (badness 10000) in paragraph at lines 736--740

 []

[23 <./ManYouDontMeetEveryday.pdf>]
Underfull \hbox (badness 10000) in paragraph at lines 741--745

 []


Underfull \hbox (badness 10000) in paragraph at lines 746--750

 []

[24]
Underfull \hbox (badness 10000) in paragraph at lines 754--761

 []


Underfull \hbox (badness 10000) in paragraph at lines 762--766

 []


Underfull \hbox (badness 10000) in paragraph at lines 767--771

 []


Underfull \hbox (badness 10000) in paragraph at lines 772--776

 []


Underfull \hbox (badness 10000) in paragraph at lines 777--781

 []


Underfull \hbox (badness 10000) in paragraph at lines 782--786

 []


Underfull \hbox (badness 10000) in paragraph at lines 787--791

 []

[25]
Underfull \hbox (badness 10000) in paragraph at lines 795--796

 []


Underfull \hbox (badness 10000) in paragraph at lines 801--802

 []


Underfull \hbox (badness 10000) in paragraph at lines 803--807

 []


Underfull \hbox (badness 10000) in paragraph at lines 808--812

 []


Underfull \hbox (badness 10000) in paragraph at lines 813--817

 []

[26]
Underfull \hbox (badness 10000) in paragraph at lines 821--822

 []


Underfull \hbox (badness 10000) in paragraph at lines 824--828

 []


Underfull \hbox (badness 10000) in paragraph at lines 832--833

 []


Underfull \hbox (badness 10000) in paragraph at lines 834--838

 []


Underfull \hbox (badness 10000) in paragraph at lines 839--843

 []


Underfull \hbox (badness 10000) in paragraph at lines 844--848

 []


Underfull \hbox (badness 10000) in paragraph at lines 849--853

 []

[27]
Underfull \hbox (badness 10000) in paragraph at lines 857--858

 []


Underfull \hbox (badness 10000) in paragraph at lines 860--862

 []


Underfull \hbox (badness 10000) in paragraph at lines 864--865

 []


Underfull \hbox (badness 10000) in paragraph at lines 866--868

 []


Underfull \hbox (badness 10000) in paragraph at lines 869--871

 []


Underfull \hbox (badness 10000) in paragraph at lines 872--874

 []


Underfull \hbox (badness 10000) in paragraph at lines 875--877

 []


Underfull \hbox (badness 10000) in paragraph at lines 878--880

 []

[28]
\openout3 = `PaddyWest.abc'.

runsystem(abcm2ps -O= -c  PaddyWest.abc )...disabled (restricted).

runsystem(ps2eps -f PaddyWest.ps )...disabled (restricted).

runsystem(epstopdf PaddyWest.eps)...disabled (restricted).

<PaddyWest.pdf, id=142, 513.92pt x 194.7275pt>
File: PaddyWest.pdf Graphic file (type pdf)
<use PaddyWest.pdf>
Package pdftex.def Info: PaddyWest.pdf  used on input line 896.
(pdftex.def)             Requested size: 513.11745pt x 194.43878pt.

Underfull \hbox (badness 10000) in paragraph at lines 898--902

 []


Underfull \hbox (badness 10000) in paragraph at lines 904--905

 []


Underfull \hbox (badness 10000) in paragraph at lines 906--910

 []


Underfull \hbox (badness 10000) in paragraph at lines 911--915

 []


Underfull \hbox (badness 10000) in paragraph at lines 916--920

 []


Underfull \hbox (badness 10000) in paragraph at lines 921--925

 []


Underfull \hbox (badness 10000) in paragraph at lines 927--928

 []

[29 <./PaddyWest.pdf>]
Underfull \hbox (badness 10000) in paragraph at lines 932--933

 []


Underfull \hbox (badness 10000) in paragraph at lines 935--939

 []


Underfull \hbox (badness 10000) in paragraph at lines 940--944

 []


Underfull \hbox (badness 10000) in paragraph at lines 945--949

 []


Underfull \hbox (badness 10000) in paragraph at lines 950--954

 []


Underfull \hbox (badness 10000) in paragraph at lines 955--959

 []

[30]
Underfull \hbox (badness 10000) in paragraph at lines 963--964

 []


Underfull \hbox (badness 10000) in paragraph at lines 966--970

 []


Underfull \hbox (badness 10000) in paragraph at lines 971--973

 []


Underfull \hbox (badness 10000) in paragraph at lines 974--976

 []


Underfull \hbox (badness 10000) in paragraph at lines 977--979

 []


Underfull \hbox (badness 10000) in paragraph at lines 980--982

 []


Underfull \hbox (badness 10000) in paragraph at lines 983--985

 []


Underfull \hbox (badness 10000) in paragraph at lines 986--988

 []

[31]
Underfull \hbox (badness 10000) in paragraph at lines 992--993

 []


Underfull \hbox (badness 10000) in paragraph at lines 995--1008

 []


Underfull \hbox (badness 10000) in paragraph at lines 1009--1017

 []

[32]
Underfull \hbox (badness 10000) in paragraph at lines 1019--1027

 []


Underfull \hbox (badness 10000) in paragraph at lines 1028--1036

 []


Underfull \hbox (badness 10000) in paragraph at lines 1037--1045

 []

[33]
Underfull \hbox (badness 10000) in paragraph at lines 1049--1050

 []


Underfull \hbox (badness 10000) in paragraph at lines 1052--1059

 []


Underfull \hbox (badness 10000) in paragraph at lines 1060--1062

 []


Underfull \hbox (badness 10000) in paragraph at lines 1063--1065

 []


Underfull \hbox (badness 10000) in paragraph at lines 1066--1068

 []


Underfull \hbox (badness 10000) in paragraph at lines 1069--1071

 []


Underfull \hbox (badness 10000) in paragraph at lines 1072--1074

 []


Underfull \hbox (badness 10000) in paragraph at lines 1075--1077

 []

[34]
\openout3 = `RovingPeddler.abc'.

runsystem(abcm2ps -O= -c  RovingPeddler.abc )...disabled (restricted).

runsystem(ps2eps -f RovingPeddler.ps )...disabled (restricted).

runsystem(epstopdf RovingPeddler.eps)...disabled (restricted).

<RovingPeddler.pdf, id=166, 513.92pt x 91.34125pt>
File: RovingPeddler.pdf Graphic file (type pdf)
<use RovingPeddler.pdf>
Package pdftex.def Info: RovingPeddler.pdf  used on input line 1089.
(pdftex.def)             Requested size: 513.11745pt x 91.20581pt.

Underfull \hbox (badness 10000) in paragraph at lines 1091--1095

 []


Underfull \hbox (badness 10000) in paragraph at lines 1096--1100

 []


Underfull \hbox (badness 10000) in paragraph at lines 1101--1105

 []


Underfull \hbox (badness 10000) in paragraph at lines 1106--1110

 []


Underfull \hbox (badness 10000) in paragraph at lines 1111--1115

 []


Underfull \hbox (badness 10000) in paragraph at lines 1116--1120

 []


Underfull \hbox (badness 10000) in paragraph at lines 1121--1125

 []

[35 <./RovingPeddler.pdf>]
Underfull \hbox (badness 10000) in paragraph at lines 1129--1130

 []


Underfull \hbox (badness 10000) in paragraph at lines 1132--1138

 []


Underfull \hbox (badness 10000) in paragraph at lines 1139--1143

 []


Underfull \hbox (badness 10000) in paragraph at lines 1144--1148

 []


Underfull \hbox (badness 10000) in paragraph at lines 1149--1153

 []


Underfull \hbox (badness 10000) in paragraph at lines 1154--1158

 []


Underfull \hbox (badness 10000) in paragraph at lines 1159--1163

 []

[36]
Underfull \hbox (badness 10000) in paragraph at lines 1167--1168

 []


Underfull \hbox (badness 10000) in paragraph at lines 1170--1174

 []


Underfull \hbox (badness 10000) in paragraph at lines 1175--1177

 []


Underfull \hbox (badness 10000) in paragraph at lines 1178--1180

 []


Underfull \hbox (badness 10000) in paragraph at lines 1181--1183

 []


Underfull \hbox (badness 10000) in paragraph at lines 1184--1186

 []

[37]
Underfull \hbox (badness 10000) in paragraph at lines 1190--1191

 []


Underfull \hbox (badness 10000) in paragraph at lines 1193--1199

 []

[38]
Underfull \hbox (badness 10000) in paragraph at lines 1203--1204

 []


Underfull \hbox (badness 10000) in paragraph at lines 1209--1210

 []


Underfull \hbox (badness 10000) in paragraph at lines 1211--1215

 []


Underfull \hbox (badness 10000) in paragraph at lines 1216--1220

 []


Underfull \hbox (badness 10000) in paragraph at lines 1221--1225

 []


Underfull \hbox (badness 10000) in paragraph at lines 1226--1230

 []


Underfull \hbox (badness 10000) in paragraph at lines 1231--1235

 []

[39]
Underfull \hbox (badness 10000) in paragraph at lines 1238--1239

 []


Underfull \hbox (badness 10000) in paragraph at lines 1243--1244

 []


Underfull \hbox (badness 10000) in paragraph at lines 1245--1249

 []


Underfull \hbox (badness 10000) in paragraph at lines 1250--1251

 []


Underfull \hbox (badness 10000) in paragraph at lines 1252--1253

 []


Underfull \hbox (badness 10000) in paragraph at lines 1254--1255

 []


Underfull \hbox (badness 10000) in paragraph at lines 1256--1257

 []


Underfull \hbox (badness 10000) in paragraph at lines 1258--1259

 []


Underfull \hbox (badness 10000) in paragraph at lines 1260--1265

 []


Underfull \hbox (badness 10000) in paragraph at lines 1266--1267

 []


Underfull \hbox (badness 10000) in paragraph at lines 1268--1273

 []

[40]
Underfull \hbox (badness 10000) in paragraph at lines 1277--1278

 []


Underfull \hbox (badness 10000) in paragraph at lines 1280--1284

 []


Underfull \hbox (badness 10000) in paragraph at lines 1285--1290

 []


Underfull \hbox (badness 10000) in paragraph at lines 1291--1296

 []


Underfull \hbox (badness 10000) in paragraph at lines 1297--1302

 []


Underfull \hbox (badness 10000) in paragraph at lines 1303--1308

 []

[41]
Underfull \hbox (badness 10000) in paragraph at lines 1312--1313

 []


Underfull \hbox (badness 10000) in paragraph at lines 1315--1321

 []


Underfull \hbox (badness 10000) in paragraph at lines 1322--1326

 []


Underfull \hbox (badness 10000) in paragraph at lines 1327--1331

 []


Underfull \hbox (badness 10000) in paragraph at lines 1332--1336

 []


Underfull \hbox (badness 10000) in paragraph at lines 1337--1341

 []


Underfull \hbox (badness 10000) in paragraph at lines 1342--1346

 []

[42]
Underfull \hbox (badness 10000) in paragraph at lines 1350--1351

 []


Underfull \hbox (badness 10000) in paragraph at lines 1353--1360

 []


Underfull \hbox (badness 10000) in paragraph at lines 1361--1365

 []


Underfull \hbox (badness 10000) in paragraph at lines 1366--1370

 []


Underfull \hbox (badness 10000) in paragraph at lines 1371--1375

 []


Underfull \hbox (badness 10000) in paragraph at lines 1376--1380

 []


Underfull \hbox (badness 10000) in paragraph at lines 1381--1385

 []


Underfull \hbox (badness 10000) in paragraph at lines 1381--1385

 []

[43]
Underfull \hbox (badness 10000) in paragraph at lines 1389--1390

 []


Underfull \hbox (badness 10000) in paragraph at lines 1395--1396

 []


Underfull \hbox (badness 10000) in paragraph at lines 1397--1402

 []


Underfull \hbox (badness 10000) in paragraph at lines 1403--1408

 []


Underfull \hbox (badness 10000) in paragraph at lines 1409--1414

 []

[44]
Underfull \hbox (badness 10000) in paragraph at lines 1418--1419

 []


Underfull \hbox (badness 10000) in paragraph at lines 1421--1425

 []


Underfull \hbox (badness 10000) in paragraph at lines 1429--1430

 []


Underfull \hbox (badness 10000) in paragraph at lines 1431--1435

 []


Underfull \hbox (badness 10000) in paragraph at lines 1436--1440

 []


Underfull \hbox (badness 10000) in paragraph at lines 1441--1445

 []

[45]
Underfull \hbox (badness 10000) in paragraph at lines 1449--1450

 []


Underfull \hbox (badness 10000) in paragraph at lines 1452--1456

 []


Underfull \hbox (badness 10000) in paragraph at lines 1457--1459

 []


Underfull \hbox (badness 10000) in paragraph at lines 1460--1462

 []


Underfull \hbox (badness 10000) in paragraph at lines 1463--1465

 []


Underfull \hbox (badness 10000) in paragraph at lines 1466--1468

 []

[46]
\openout3 = `WingsOfAGoney.abc'.

runsystem(abcm2ps -O= -c  WingsOfAGoney.abc )...disabled (restricted).

runsystem(ps2eps -f WingsOfAGoney.ps )...disabled (restricted).

runsystem(epstopdf WingsOfAGoney.eps)...disabled (restricted).

<WingsOfAGoney.pdf, id=213, 513.92pt x 143.53625pt>
File: WingsOfAGoney.pdf Graphic file (type pdf)
<use WingsOfAGoney.pdf>
Package pdftex.def Info: WingsOfAGoney.pdf  used on input line 1481.
(pdftex.def)             Requested size: 513.11745pt x 143.32344pt.

Underfull \hbox (badness 10000) in paragraph at lines 1483--1487

 []


Underfull \hbox (badness 10000) in paragraph at lines 1488--1492

 []


Underfull \hbox (badness 10000) in paragraph at lines 1493--1497

 []


Underfull \hbox (badness 10000) in paragraph at lines 1498--1502

 []

[47 <./WingsOfAGoney.pdf>]
Underfull \hbox (badness 10000) in paragraph at lines 1506--1507

 []


Underfull \hbox (badness 10000) in paragraph at lines 1511--1515

 []


Underfull \hbox (badness 10000) in paragraph at lines 1516--1520

 []


Underfull \hbox (badness 10000) in paragraph at lines 1521--1525

 []


Underfull \hbox (badness 10000) in paragraph at lines 1526--1530

 []


Underfull \hbox (badness 10000) in paragraph at lines 1531--1535

 []


Underfull \hbox (badness 10000) in paragraph at lines 1536--1540

 []


Underfull \hbox (badness 10000) in paragraph at lines 1541--1545

 []


Underfull \hbox (badness 10000) in paragraph at lines 1546--1550

 []


Underfull \hbox (badness 10000) in paragraph at lines 1551--1555

 []

[48]
Underfull \hbox (badness 10000) in paragraph at lines 1559--1560

 []


Underfull \hbox (badness 10000) in paragraph at lines 1565--1566

 []


Underfull \hbox (badness 10000) in paragraph at lines 1567--1571

 []


Underfull \hbox (badness 10000) in paragraph at lines 1572--1576

 []


Underfull \hbox (badness 10000) in paragraph at lines 1577--1581

 []

[49] (./SongBook.aux) ) 
Here is how much of TeX's memory you used:
 2130 strings out of 478051
 35942 string characters out of 5840943
 1863330 words of memory out of 5000000
 22262 multiletter control sequences out of 15000+600000
 517783 words of font info for 50 fonts, out of 8000000 for 9000
 14 hyphenation exceptions out of 8191
 72i,6n,76p,225b,224s stack positions out of 10000i,1000n,20000p,200000b,200000s
 </home/edgaryother/.texlive2022/texmf-var/fonts/pk/ljfour/jknappen/ec/tcrm1200.600pk></usr/share/texlive/texmf-dist/fonts/type1/public/amsfonts/cm/cmbx12.pfb></usr/share/texlive/texmf-dist/fonts/type1/public/amsfonts/cm/cmr10.pfb></usr/share/texlive/texmf-dist/fonts/type1/public/amsfonts/cm/cmr12.pfb></usr/share/texlive/texmf-dist/fonts/type1/public/amsfonts/cm/cmr17.pfb>
Output written on SongBook.pdf (49 pages, 215506 bytes).
PDF statistics:
 254 PDF objects out of 1000 (max. 8388607)
 167 compressed objects within 2 object streams
 0 named destinations out of 1000 (max. 500000)
 51 words of extra memory for PDF output out of 10000 (max. 10000000)

